D:\Github\khoa_luan_tot_nghiep\WebAPI\WebAPI\ClientApp\lib\environments\environment.js
D:\Github\khoa_luan_tot_nghiep\WebAPI\WebAPI\ClientApp\lib\environments\environment.js.map
D:\Github\khoa_luan_tot_nghiep\WebAPI\WebAPI\ClientApp\lib\app\database\user.data.js
D:\Github\khoa_luan_tot_nghiep\WebAPI\WebAPI\ClientApp\lib\app\database\user.data.js.map
D:\Github\khoa_luan_tot_nghiep\WebAPI\WebAPI\ClientApp\lib\app\model\user.model.js
D:\Github\khoa_luan_tot_nghiep\WebAPI\WebAPI\ClientApp\lib\app\model\user.model.js.map
D:\Github\khoa_luan_tot_nghiep\WebAPI\WebAPI\ClientApp\lib\app\service\sys_user.service.js
D:\Github\khoa_luan_tot_nghiep\WebAPI\WebAPI\ClientApp\lib\app\service\sys_user.service.js.map
D:\Github\khoa_luan_tot_nghiep\WebAPI\WebAPI\ClientApp\lib\app\database\sys_cau_hinh_admin.data.js
D:\Github\khoa_luan_tot_nghiep\WebAPI\WebAPI\ClientApp\lib\app\database\sys_cau_hinh_admin.data.js.map
D:\Github\khoa_luan_tot_nghiep\WebAPI\WebAPI\ClientApp\lib\app\model\sys_cau_hinh_admin.model.js
D:\Github\khoa_luan_tot_nghiep\WebAPI\WebAPI\ClientApp\lib\app\model\sys_cau_hinh_admin.model.js.map
D:\Github\khoa_luan_tot_nghiep\WebAPI\WebAPI\ClientApp\lib\app\service\sys_cau_hinh_admin.service.js
D:\Github\khoa_luan_tot_nghiep\WebAPI\WebAPI\ClientApp\lib\app\service\sys_cau_hinh_admin.service.js.map
D:\Github\khoa_luan_tot_nghiep\WebAPI\WebAPI\ClientApp\lib\app\auth\admin\nav.component.js
D:\Github\khoa_luan_tot_nghiep\WebAPI\WebAPI\ClientApp\lib\app\auth\admin\nav.component.js.map
D:\Github\khoa_luan_tot_nghiep\WebAPI\WebAPI\ClientApp\lib\app\auth\login\login.component.js
D:\Github\khoa_luan_tot_nghiep\WebAPI\WebAPI\ClientApp\lib\app\auth\login\login.component.js.map
D:\Github\khoa_luan_tot_nghiep\WebAPI\WebAPI\ClientApp\lib\app\auth\auth.guard.js
D:\Github\khoa_luan_tot_nghiep\WebAPI\WebAPI\ClientApp\lib\app\auth\auth.guard.js.map
D:\Github\khoa_luan_tot_nghiep\WebAPI\WebAPI\ClientApp\lib\app\database\sys_khoa.data.js
D:\Github\khoa_luan_tot_nghiep\WebAPI\WebAPI\ClientApp\lib\app\database\sys_khoa.data.js.map
D:\Github\khoa_luan_tot_nghiep\WebAPI\WebAPI\ClientApp\lib\app\model\sys_khoa.model.js
D:\Github\khoa_luan_tot_nghiep\WebAPI\WebAPI\ClientApp\lib\app\model\sys_khoa.model.js.map
D:\Github\khoa_luan_tot_nghiep\WebAPI\WebAPI\ClientApp\lib\app\service\sys_khoa.service.js
D:\Github\khoa_luan_tot_nghiep\WebAPI\WebAPI\ClientApp\lib\app\service\sys_khoa.service.js.map
D:\Github\khoa_luan_tot_nghiep\WebAPI\WebAPI\ClientApp\lib\app\system\sys_khoa\popupAdd.component.js
D:\Github\khoa_luan_tot_nghiep\WebAPI\WebAPI\ClientApp\lib\app\system\sys_khoa\popupAdd.component.js.map
D:\Github\khoa_luan_tot_nghiep\WebAPI\WebAPI\ClientApp\lib\app\system\sys_khoa\index.component.js
D:\Github\khoa_luan_tot_nghiep\WebAPI\WebAPI\ClientApp\lib\app\system\sys_khoa\index.component.js.map
D:\Github\khoa_luan_tot_nghiep\WebAPI\WebAPI\ClientApp\lib\app\system\sys_user\popupAdd.component.js
D:\Github\khoa_luan_tot_nghiep\WebAPI\WebAPI\ClientApp\lib\app\system\sys_user\popupAdd.component.js.map
D:\Github\khoa_luan_tot_nghiep\WebAPI\WebAPI\ClientApp\lib\app\system\sys_user\index.component.js
D:\Github\khoa_luan_tot_nghiep\WebAPI\WebAPI\ClientApp\lib\app\system\sys_user\index.component.js.map
D:\Github\khoa_luan_tot_nghiep\WebAPI\WebAPI\ClientApp\lib\app\database\sys_bo_mon.data.js
D:\Github\khoa_luan_tot_nghiep\WebAPI\WebAPI\ClientApp\lib\app\database\sys_bo_mon.data.js.map
D:\Github\khoa_luan_tot_nghiep\WebAPI\WebAPI\ClientApp\lib\app\model\sys_bo_mon.model.js
D:\Github\khoa_luan_tot_nghiep\WebAPI\WebAPI\ClientApp\lib\app\model\sys_bo_mon.model.js.map
D:\Github\khoa_luan_tot_nghiep\WebAPI\WebAPI\ClientApp\lib\app\service\sys_bo_mon.service.js
D:\Github\khoa_luan_tot_nghiep\WebAPI\WebAPI\ClientApp\lib\app\service\sys_bo_mon.service.js.map
D:\Github\khoa_luan_tot_nghiep\WebAPI\WebAPI\ClientApp\lib\app\system\sys_bo_mon\popupAdd.component.js
D:\Github\khoa_luan_tot_nghiep\WebAPI\WebAPI\ClientApp\lib\app\system\sys_bo_mon\popupAdd.component.js.map
D:\Github\khoa_luan_tot_nghiep\WebAPI\WebAPI\ClientApp\lib\app\system\sys_bo_mon\index.component.js
D:\Github\khoa_luan_tot_nghiep\WebAPI\WebAPI\ClientApp\lib\app\system\sys_bo_mon\index.component.js.map
D:\Github\khoa_luan_tot_nghiep\WebAPI\WebAPI\ClientApp\lib\app\database\sys_chuc_vu.data.js
D:\Github\khoa_luan_tot_nghiep\WebAPI\WebAPI\ClientApp\lib\app\database\sys_chuc_vu.data.js.map
D:\Github\khoa_luan_tot_nghiep\WebAPI\WebAPI\ClientApp\lib\app\model\sys_chuc_vu.model.js
D:\Github\khoa_luan_tot_nghiep\WebAPI\WebAPI\ClientApp\lib\app\model\sys_chuc_vu.model.js.map
D:\Github\khoa_luan_tot_nghiep\WebAPI\WebAPI\ClientApp\lib\app\service\sys_chuc_vu.service.js
D:\Github\khoa_luan_tot_nghiep\WebAPI\WebAPI\ClientApp\lib\app\service\sys_chuc_vu.service.js.map
D:\Github\khoa_luan_tot_nghiep\WebAPI\WebAPI\ClientApp\lib\app\system\sys_chuc_vu\popupAdd.component.js
D:\Github\khoa_luan_tot_nghiep\WebAPI\WebAPI\ClientApp\lib\app\system\sys_chuc_vu\popupAdd.component.js.map
D:\Github\khoa_luan_tot_nghiep\WebAPI\WebAPI\ClientApp\lib\app\system\sys_chuc_vu\index.component.js
D:\Github\khoa_luan_tot_nghiep\WebAPI\WebAPI\ClientApp\lib\app\system\sys_chuc_vu\index.component.js.map
D:\Github\khoa_luan_tot_nghiep\WebAPI\WebAPI\ClientApp\lib\app\database\sys_cong_viec.data.js
D:\Github\khoa_luan_tot_nghiep\WebAPI\WebAPI\ClientApp\lib\app\database\sys_cong_viec.data.js.map
D:\Github\khoa_luan_tot_nghiep\WebAPI\WebAPI\ClientApp\lib\app\model\sys_cong_viec.model.js
D:\Github\khoa_luan_tot_nghiep\WebAPI\WebAPI\ClientApp\lib\app\model\sys_cong_viec.model.js.map
D:\Github\khoa_luan_tot_nghiep\WebAPI\WebAPI\ClientApp\lib\app\service\sys_cong_viec.service.js
D:\Github\khoa_luan_tot_nghiep\WebAPI\WebAPI\ClientApp\lib\app\service\sys_cong_viec.service.js.map
D:\Github\khoa_luan_tot_nghiep\WebAPI\WebAPI\ClientApp\lib\app\database\sys_loai_cong_viec.data.js
D:\Github\khoa_luan_tot_nghiep\WebAPI\WebAPI\ClientApp\lib\app\database\sys_loai_cong_viec.data.js.map
D:\Github\khoa_luan_tot_nghiep\WebAPI\WebAPI\ClientApp\lib\app\model\sys_loai_cong_viec.model.js
D:\Github\khoa_luan_tot_nghiep\WebAPI\WebAPI\ClientApp\lib\app\model\sys_loai_cong_viec.model.js.map
D:\Github\khoa_luan_tot_nghiep\WebAPI\WebAPI\ClientApp\lib\app\service\sys_loai_cong_viec.service.js
D:\Github\khoa_luan_tot_nghiep\WebAPI\WebAPI\ClientApp\lib\app\service\sys_loai_cong_viec.service.js.map
D:\Github\khoa_luan_tot_nghiep\WebAPI\WebAPI\ClientApp\lib\app\system\sys_cong_viec\popupAdd.component.js
D:\Github\khoa_luan_tot_nghiep\WebAPI\WebAPI\ClientApp\lib\app\system\sys_cong_viec\popupAdd.component.js.map
D:\Github\khoa_luan_tot_nghiep\WebAPI\WebAPI\ClientApp\lib\app\system\sys_cong_viec\index.component.js
D:\Github\khoa_luan_tot_nghiep\WebAPI\WebAPI\ClientApp\lib\app\system\sys_cong_viec\index.component.js.map
D:\Github\khoa_luan_tot_nghiep\WebAPI\WebAPI\ClientApp\lib\app\database\sys_cong_viec_giang_vien.data.js
D:\Github\khoa_luan_tot_nghiep\WebAPI\WebAPI\ClientApp\lib\app\database\sys_cong_viec_giang_vien.data.js.map
D:\Github\khoa_luan_tot_nghiep\WebAPI\WebAPI\ClientApp\lib\app\model\sys_cong_viec_giang_vien.model.js
D:\Github\khoa_luan_tot_nghiep\WebAPI\WebAPI\ClientApp\lib\app\model\sys_cong_viec_giang_vien.model.js.map
D:\Github\khoa_luan_tot_nghiep\WebAPI\WebAPI\ClientApp\lib\app\service\sys_cong_viec_giang_vien.service.js
D:\Github\khoa_luan_tot_nghiep\WebAPI\WebAPI\ClientApp\lib\app\service\sys_cong_viec_giang_vien.service.js.map
D:\Github\khoa_luan_tot_nghiep\WebAPI\WebAPI\ClientApp\lib\app\service\ExcelService.js
D:\Github\khoa_luan_tot_nghiep\WebAPI\WebAPI\ClientApp\lib\app\service\ExcelService.js.map
D:\Github\khoa_luan_tot_nghiep\WebAPI\WebAPI\ClientApp\lib\app\database\sys_giang_vien.data.js
D:\Github\khoa_luan_tot_nghiep\WebAPI\WebAPI\ClientApp\lib\app\database\sys_giang_vien.data.js.map
D:\Github\khoa_luan_tot_nghiep\WebAPI\WebAPI\ClientApp\lib\app\model\sys_giang_vien.model.js
D:\Github\khoa_luan_tot_nghiep\WebAPI\WebAPI\ClientApp\lib\app\model\sys_giang_vien.model.js.map
D:\Github\khoa_luan_tot_nghiep\WebAPI\WebAPI\ClientApp\lib\app\service\sys_giang_vien.service.js
D:\Github\khoa_luan_tot_nghiep\WebAPI\WebAPI\ClientApp\lib\app\service\sys_giang_vien.service.js.map
D:\Github\khoa_luan_tot_nghiep\WebAPI\WebAPI\ClientApp\lib\app\system\sys_cong_viec_giang_vien\popupAdd.component.js
D:\Github\khoa_luan_tot_nghiep\WebAPI\WebAPI\ClientApp\lib\app\system\sys_cong_viec_giang_vien\popupAdd.component.js.map
D:\Github\khoa_luan_tot_nghiep\WebAPI\WebAPI\ClientApp\lib\app\system\sys_cong_viec_giang_vien\index.component.js
D:\Github\khoa_luan_tot_nghiep\WebAPI\WebAPI\ClientApp\lib\app\system\sys_cong_viec_giang_vien\index.component.js.map
D:\Github\khoa_luan_tot_nghiep\WebAPI\WebAPI\ClientApp\lib\app\system\sys_giang_vien\popupAdd.component.js
D:\Github\khoa_luan_tot_nghiep\WebAPI\WebAPI\ClientApp\lib\app\system\sys_giang_vien\popupAdd.component.js.map
D:\Github\khoa_luan_tot_nghiep\WebAPI\WebAPI\ClientApp\lib\app\system\sys_giang_vien\index.component.js
D:\Github\khoa_luan_tot_nghiep\WebAPI\WebAPI\ClientApp\lib\app\system\sys_giang_vien\index.component.js.map
D:\Github\khoa_luan_tot_nghiep\WebAPI\WebAPI\ClientApp\lib\app\database\sys_giang_vien_truc_khoa.data.js
D:\Github\khoa_luan_tot_nghiep\WebAPI\WebAPI\ClientApp\lib\app\database\sys_giang_vien_truc_khoa.data.js.map
D:\Github\khoa_luan_tot_nghiep\WebAPI\WebAPI\ClientApp\lib\app\model\sys_giang_vien_truc_khoa.model.js
D:\Github\khoa_luan_tot_nghiep\WebAPI\WebAPI\ClientApp\lib\app\model\sys_giang_vien_truc_khoa.model.js.map
D:\Github\khoa_luan_tot_nghiep\WebAPI\WebAPI\ClientApp\lib\app\service\sys_giang_vien_truc_khoa.service.js
D:\Github\khoa_luan_tot_nghiep\WebAPI\WebAPI\ClientApp\lib\app\service\sys_giang_vien_truc_khoa.service.js.map
D:\Github\khoa_luan_tot_nghiep\WebAPI\WebAPI\ClientApp\lib\app\system\sys_giang_vien_truc_khoa\popupAdd.component.js
D:\Github\khoa_luan_tot_nghiep\WebAPI\WebAPI\ClientApp\lib\app\system\sys_giang_vien_truc_khoa\popupAdd.component.js.map
D:\Github\khoa_luan_tot_nghiep\WebAPI\WebAPI\ClientApp\lib\app\system\sys_giang_vien_truc_khoa\index.component.js
D:\Github\khoa_luan_tot_nghiep\WebAPI\WebAPI\ClientApp\lib\app\system\sys_giang_vien_truc_khoa\index.component.js.map
D:\Github\khoa_luan_tot_nghiep\WebAPI\WebAPI\ClientApp\lib\app\database\sys_hoat_dong.data.js
D:\Github\khoa_luan_tot_nghiep\WebAPI\WebAPI\ClientApp\lib\app\database\sys_hoat_dong.data.js.map
D:\Github\khoa_luan_tot_nghiep\WebAPI\WebAPI\ClientApp\lib\app\model\sys_hoat_dong.model.js
D:\Github\khoa_luan_tot_nghiep\WebAPI\WebAPI\ClientApp\lib\app\model\sys_hoat_dong.model.js.map
D:\Github\khoa_luan_tot_nghiep\WebAPI\WebAPI\ClientApp\lib\app\service\sys_hoat_dong.service.js
D:\Github\khoa_luan_tot_nghiep\WebAPI\WebAPI\ClientApp\lib\app\service\sys_hoat_dong.service.js.map
D:\Github\khoa_luan_tot_nghiep\WebAPI\WebAPI\ClientApp\lib\app\system\sys_hoat_dong\popupAdd.component.js
D:\Github\khoa_luan_tot_nghiep\WebAPI\WebAPI\ClientApp\lib\app\system\sys_hoat_dong\popupAdd.component.js.map
D:\Github\khoa_luan_tot_nghiep\WebAPI\WebAPI\ClientApp\lib\app\system\sys_hoat_dong\index.component.js
D:\Github\khoa_luan_tot_nghiep\WebAPI\WebAPI\ClientApp\lib\app\system\sys_hoat_dong\index.component.js.map
D:\Github\khoa_luan_tot_nghiep\WebAPI\WebAPI\ClientApp\lib\app\database\sys_hoat_dong_giang_vien.data.js
D:\Github\khoa_luan_tot_nghiep\WebAPI\WebAPI\ClientApp\lib\app\database\sys_hoat_dong_giang_vien.data.js.map
D:\Github\khoa_luan_tot_nghiep\WebAPI\WebAPI\ClientApp\lib\app\model\sys_hoat_dong_giang_vien.model.js
D:\Github\khoa_luan_tot_nghiep\WebAPI\WebAPI\ClientApp\lib\app\model\sys_hoat_dong_giang_vien.model.js.map
D:\Github\khoa_luan_tot_nghiep\WebAPI\WebAPI\ClientApp\lib\app\service\sys_hoat_dong_giang_vien.service.js
D:\Github\khoa_luan_tot_nghiep\WebAPI\WebAPI\ClientApp\lib\app\service\sys_hoat_dong_giang_vien.service.js.map
D:\Github\khoa_luan_tot_nghiep\WebAPI\WebAPI\ClientApp\lib\app\system\sys_hoat_dong_giang_vien\popupAdd.component.js
D:\Github\khoa_luan_tot_nghiep\WebAPI\WebAPI\ClientApp\lib\app\system\sys_hoat_dong_giang_vien\popupAdd.component.js.map
D:\Github\khoa_luan_tot_nghiep\WebAPI\WebAPI\ClientApp\lib\app\system\sys_hoat_dong_giang_vien\index.component.js
D:\Github\khoa_luan_tot_nghiep\WebAPI\WebAPI\ClientApp\lib\app\system\sys_hoat_dong_giang_vien\index.component.js.map
D:\Github\khoa_luan_tot_nghiep\WebAPI\WebAPI\ClientApp\lib\app\system\sys_loai_cong_viec\popupAdd.component.js
D:\Github\khoa_luan_tot_nghiep\WebAPI\WebAPI\ClientApp\lib\app\system\sys_loai_cong_viec\popupAdd.component.js.map
D:\Github\khoa_luan_tot_nghiep\WebAPI\WebAPI\ClientApp\lib\app\system\sys_loai_cong_viec\index.component.js
D:\Github\khoa_luan_tot_nghiep\WebAPI\WebAPI\ClientApp\lib\app\system\sys_loai_cong_viec\index.component.js.map
D:\Github\khoa_luan_tot_nghiep\WebAPI\WebAPI\ClientApp\lib\app\database\sys_phong_truc.data.js
D:\Github\khoa_luan_tot_nghiep\WebAPI\WebAPI\ClientApp\lib\app\database\sys_phong_truc.data.js.map
D:\Github\khoa_luan_tot_nghiep\WebAPI\WebAPI\ClientApp\lib\app\model\sys_phong_truc.model.js
D:\Github\khoa_luan_tot_nghiep\WebAPI\WebAPI\ClientApp\lib\app\model\sys_phong_truc.model.js.map
D:\Github\khoa_luan_tot_nghiep\WebAPI\WebAPI\ClientApp\lib\app\service\sys_phong_truc.service.js
D:\Github\khoa_luan_tot_nghiep\WebAPI\WebAPI\ClientApp\lib\app\service\sys_phong_truc.service.js.map
D:\Github\khoa_luan_tot_nghiep\WebAPI\WebAPI\ClientApp\lib\app\system\sys_phong_truc\popupAdd.component.js
D:\Github\khoa_luan_tot_nghiep\WebAPI\WebAPI\ClientApp\lib\app\system\sys_phong_truc\popupAdd.component.js.map
D:\Github\khoa_luan_tot_nghiep\WebAPI\WebAPI\ClientApp\lib\app\system\sys_phong_truc\index.component.js
D:\Github\khoa_luan_tot_nghiep\WebAPI\WebAPI\ClientApp\lib\app\system\sys_phong_truc\index.component.js.map
D:\Github\khoa_luan_tot_nghiep\WebAPI\WebAPI\ClientApp\lib\app\database\sys_thong_bao.data.js
D:\Github\khoa_luan_tot_nghiep\WebAPI\WebAPI\ClientApp\lib\app\database\sys_thong_bao.data.js.map
D:\Github\khoa_luan_tot_nghiep\WebAPI\WebAPI\ClientApp\lib\app\model\sys_thong_bao.mode.js
D:\Github\khoa_luan_tot_nghiep\WebAPI\WebAPI\ClientApp\lib\app\model\sys_thong_bao.mode.js.map
D:\Github\khoa_luan_tot_nghiep\WebAPI\WebAPI\ClientApp\lib\app\service\sys_thong_bao.service.js
D:\Github\khoa_luan_tot_nghiep\WebAPI\WebAPI\ClientApp\lib\app\service\sys_thong_bao.service.js.map
D:\Github\khoa_luan_tot_nghiep\WebAPI\WebAPI\ClientApp\lib\app\system\sys_thong_bao\popupAdd.component.js
D:\Github\khoa_luan_tot_nghiep\WebAPI\WebAPI\ClientApp\lib\app\system\sys_thong_bao\popupAdd.component.js.map
D:\Github\khoa_luan_tot_nghiep\WebAPI\WebAPI\ClientApp\lib\app\system\sys_thong_bao\index.component.js
D:\Github\khoa_luan_tot_nghiep\WebAPI\WebAPI\ClientApp\lib\app\system\sys_thong_bao\index.component.js.map
D:\Github\khoa_luan_tot_nghiep\WebAPI\WebAPI\ClientApp\lib\app\database\sys_ky_truc_khoa.data.js
D:\Github\khoa_luan_tot_nghiep\WebAPI\WebAPI\ClientApp\lib\app\database\sys_ky_truc_khoa.data.js.map
D:\Github\khoa_luan_tot_nghiep\WebAPI\WebAPI\ClientApp\lib\app\model\sys_ky_truc_khoa.model.js
D:\Github\khoa_luan_tot_nghiep\WebAPI\WebAPI\ClientApp\lib\app\model\sys_ky_truc_khoa.model.js.map
D:\Github\khoa_luan_tot_nghiep\WebAPI\WebAPI\ClientApp\lib\app\service\sys_ky_truc_khoa.service.js
D:\Github\khoa_luan_tot_nghiep\WebAPI\WebAPI\ClientApp\lib\app\service\sys_ky_truc_khoa.service.js.map
D:\Github\khoa_luan_tot_nghiep\WebAPI\WebAPI\ClientApp\lib\app\system\sys_ky_truc_khoa\popupAdd.component.js
D:\Github\khoa_luan_tot_nghiep\WebAPI\WebAPI\ClientApp\lib\app\system\sys_ky_truc_khoa\popupAdd.component.js.map
D:\Github\khoa_luan_tot_nghiep\WebAPI\WebAPI\ClientApp\lib\app\system\sys_ky_truc_khoa\index.component.js
D:\Github\khoa_luan_tot_nghiep\WebAPI\WebAPI\ClientApp\lib\app\system\sys_ky_truc_khoa\index.component.js.map
D:\Github\khoa_luan_tot_nghiep\WebAPI\WebAPI\ClientApp\lib\app\database\sys_chuyen_nganh.data.js
D:\Github\khoa_luan_tot_nghiep\WebAPI\WebAPI\ClientApp\lib\app\database\sys_chuyen_nganh.data.js.map
D:\Github\khoa_luan_tot_nghiep\WebAPI\WebAPI\ClientApp\lib\app\model\sys_chuyen_nganh.model.js
D:\Github\khoa_luan_tot_nghiep\WebAPI\WebAPI\ClientApp\lib\app\model\sys_chuyen_nganh.model.js.map
D:\Github\khoa_luan_tot_nghiep\WebAPI\WebAPI\ClientApp\lib\app\service\sys_chuyen_nganh.service.js
D:\Github\khoa_luan_tot_nghiep\WebAPI\WebAPI\ClientApp\lib\app\service\sys_chuyen_nganh.service.js.map
D:\Github\khoa_luan_tot_nghiep\WebAPI\WebAPI\ClientApp\lib\app\system\sys_chuyen_nganh\popupAdd.component.js
D:\Github\khoa_luan_tot_nghiep\WebAPI\WebAPI\ClientApp\lib\app\system\sys_chuyen_nganh\popupAdd.component.js.map
D:\Github\khoa_luan_tot_nghiep\WebAPI\WebAPI\ClientApp\lib\app\system\sys_chuyen_nganh\index.component.js
D:\Github\khoa_luan_tot_nghiep\WebAPI\WebAPI\ClientApp\lib\app\system\sys_chuyen_nganh\index.component.js.map
D:\Github\khoa_luan_tot_nghiep\WebAPI\WebAPI\ClientApp\lib\app\system\sys_cau_hinh_admin\popupAdd.component.js
D:\Github\khoa_luan_tot_nghiep\WebAPI\WebAPI\ClientApp\lib\app\system\sys_cau_hinh_admin\popupAdd.component.js.map
D:\Github\khoa_luan_tot_nghiep\WebAPI\WebAPI\ClientApp\lib\app\system\sys_cau_hinh_admin\index.component.js
D:\Github\khoa_luan_tot_nghiep\WebAPI\WebAPI\ClientApp\lib\app\system\sys_cau_hinh_admin\index.component.js.map
D:\Github\khoa_luan_tot_nghiep\WebAPI\WebAPI\ClientApp\lib\app\system\sys_thong_ke_admin\index.component.js
D:\Github\khoa_luan_tot_nghiep\WebAPI\WebAPI\ClientApp\lib\app\system\sys_thong_ke_admin\index.component.js.map
D:\Github\khoa_luan_tot_nghiep\WebAPI\WebAPI\ClientApp\lib\app\app-routing.module.js
D:\Github\khoa_luan_tot_nghiep\WebAPI\WebAPI\ClientApp\lib\app\app-routing.module.js.map
D:\Github\khoa_luan_tot_nghiep\WebAPI\WebAPI\ClientApp\lib\app\app.component.js
D:\Github\khoa_luan_tot_nghiep\WebAPI\WebAPI\ClientApp\lib\app\app.component.js.map
D:\Github\khoa_luan_tot_nghiep\WebAPI\WebAPI\ClientApp\lib\app\auth\auth.interceptor.js
D:\Github\khoa_luan_tot_nghiep\WebAPI\WebAPI\ClientApp\lib\app\auth\auth.interceptor.js.map
D:\Github\khoa_luan_tot_nghiep\WebAPI\WebAPI\ClientApp\lib\app\pagination\pagination.component.js
D:\Github\khoa_luan_tot_nghiep\WebAPI\WebAPI\ClientApp\lib\app\pagination\pagination.component.js.map
D:\Github\khoa_luan_tot_nghiep\WebAPI\WebAPI\ClientApp\lib\app\auth\reset_password\popupAdd.component.js
D:\Github\khoa_luan_tot_nghiep\WebAPI\WebAPI\ClientApp\lib\app\auth\reset_password\popupAdd.component.js.map
D:\Github\khoa_luan_tot_nghiep\WebAPI\WebAPI\ClientApp\lib\app\auth\user_menu\user_menu.component.js
D:\Github\khoa_luan_tot_nghiep\WebAPI\WebAPI\ClientApp\lib\app\auth\user_menu\user_menu.component.js.map
D:\Github\khoa_luan_tot_nghiep\WebAPI\WebAPI\ClientApp\lib\assets\canvasjs.angular.component.js
D:\Github\khoa_luan_tot_nghiep\WebAPI\WebAPI\ClientApp\lib\assets\canvasjs.angular.component.js.map
D:\Github\khoa_luan_tot_nghiep\WebAPI\WebAPI\ClientApp\lib\app\component\upload_image\index.component.js
D:\Github\khoa_luan_tot_nghiep\WebAPI\WebAPI\ClientApp\lib\app\component\upload_image\index.component.js.map
D:\Github\khoa_luan_tot_nghiep\WebAPI\WebAPI\ClientApp\lib\app\app.module.js
D:\Github\khoa_luan_tot_nghiep\WebAPI\WebAPI\ClientApp\lib\app\app.module.js.map
D:\Github\khoa_luan_tot_nghiep\WebAPI\WebAPI\ClientApp\lib\main.js
D:\Github\khoa_luan_tot_nghiep\WebAPI\WebAPI\ClientApp\lib\main.js.map
D:\Github\khoa_luan_tot_nghiep\WebAPI\WebAPI\ClientApp\lib\polyfills.js
D:\Github\khoa_luan_tot_nghiep\WebAPI\WebAPI\ClientApp\lib\polyfills.js.map
D:\Github\khoa_luan_tot_nghiep\WebAPI\WebAPI\ClientApp\lib\test.js
D:\Github\khoa_luan_tot_nghiep\WebAPI\WebAPI\ClientApp\lib\test.js.map
D:\Github\khoa_luan_tot_nghiep\WebAPI\WebAPI\ClientApp\lib\app\database\sys_cap_nhat_tt_giang_vien.data.js
D:\Github\khoa_luan_tot_nghiep\WebAPI\WebAPI\ClientApp\lib\app\database\sys_cap_nhat_tt_giang_vien.data.js.map
D:\Github\khoa_luan_tot_nghiep\WebAPI\WebAPI\ClientApp\lib\app\model\sys_cap_nhat_tt_giang_vien.model.js
D:\Github\khoa_luan_tot_nghiep\WebAPI\WebAPI\ClientApp\lib\app\model\sys_cap_nhat_tt_giang_vien.model.js.map
D:\Github\khoa_luan_tot_nghiep\WebAPI\WebAPI\ClientApp\lib\app\service\sys_cap_nhat_tt_giang_vien.service.js
D:\Github\khoa_luan_tot_nghiep\WebAPI\WebAPI\ClientApp\lib\app\service\sys_cap_nhat_tt_giang_vien.service.js.map
D:\Github\khoa_luan_tot_nghiep\WebAPI\WebAPI\ClientApp\lib\app\service_export_excel\ExcelService.js
D:\Github\khoa_luan_tot_nghiep\WebAPI\WebAPI\ClientApp\lib\app\service_export_excel\ExcelService.js.map
D:\Github\khoa_luan_tot_nghiep\WebAPI\WebAPI\ClientApp\lib\app\service_export_excel\export-excel.service.js
D:\Github\khoa_luan_tot_nghiep\WebAPI\WebAPI\ClientApp\lib\app\service_export_excel\export-excel.service.js.map
D:\Github\khoa_luan_tot_nghiep\WebAPI\WebAPI\ClientApp\lib\environments\environment.prod.js
D:\Github\khoa_luan_tot_nghiep\WebAPI\WebAPI\ClientApp\lib\environments\environment.prod.js.map
